<?xml version="1.0" encoding="UTF-8"?>
<!-- Generated by org.testng.reporters.JUnitReportReporter -->
<testsuite hostname="Nilmie" failures="0" tests="1" name="MobileTest.Mobile" time="16.286" errors="0" timestamp="2021-01-08T12:03:25 IST" skipped="0">
  <testcase classname="MobileTest.Mobile" name="test1" time="16.286"/>
  <system-out/>
</testsuite> <!-- MobileTest.Mobile -->
